Release 14.7 - xst P.20131013 (nt64)
Copyright (c) 1995-2013 Xilinx, Inc.  All rights reserved.
--> Parameter TMPDIR set to xst/projnav.tmp


Total REAL time to Xst completion: 0.00 secs
Total CPU time to Xst completion: 0.12 secs
 
--> Parameter xsthdpdir set to xst


Total REAL time to Xst completion: 0.00 secs
Total CPU time to Xst completion: 0.12 secs
 
--> Reading design: Detector.prj

TABLE OF CONTENTS
  1) Synthesis Options Summary
  2) HDL Parsing
  3) HDL Elaboration
  4) HDL Synthesis
       4.1) HDL Synthesis Report
  5) Advanced HDL Synthesis
       5.1) Advanced HDL Synthesis Report
  6) Low Level Synthesis
  7) Partition Report
  8) Design Summary
       8.1) Primitive and Black Box Usage
       8.2) Device utilization summary
       8.3) Partition Resource Summary
       8.4) Timing Report
            8.4.1) Clock Information
            8.4.2) Asynchronous Control Signals Information
            8.4.3) Timing Summary
            8.4.4) Timing Details
            8.4.5) Cross Clock Domains Report


=========================================================================
*                      Synthesis Options Summary                        *
=========================================================================
---- Source Parameters
Input File Name                    : "Detector.prj"
Ignore Synthesis Constraint File   : NO

---- Target Parameters
Output File Name                   : "Detector"
Output Format                      : NGC
Target Device                      : xc6vcx75t-2-ff484

---- Source Options
Top Module Name                    : Detector
Automatic FSM Extraction           : YES
FSM Encoding Algorithm             : Auto
Safe Implementation                : No
FSM Style                          : LUT
RAM Extraction                     : Yes
RAM Style                          : Auto
ROM Extraction                     : Yes
Shift Register Extraction          : YES
ROM Style                          : Auto
Resource Sharing                   : YES
Asynchronous To Synchronous        : NO
Shift Register Minimum Size        : 2
Use DSP Block                      : Auto
Automatic Register Balancing       : No

---- Target Options
LUT Combining                      : Auto
Reduce Control Sets                : Auto
Add IO Buffers                     : YES
Global Maximum Fanout              : 100000
Add Generic Clock Buffer(BUFG)     : 32
Register Duplication               : YES
Optimize Instantiated Primitives   : NO
Use Clock Enable                   : Auto
Use Synchronous Set                : Auto
Use Synchronous Reset              : Auto
Pack IO Registers into IOBs        : Auto
Equivalent register Removal        : YES

---- General Options
Optimization Goal                  : Speed
Optimization Effort                : 1
Power Reduction                    : NO
Keep Hierarchy                     : No
Netlist Hierarchy                  : As_Optimized
RTL Output                         : Yes
Global Optimization                : AllClockNets
Read Cores                         : YES
Write Timing Constraints           : NO
Cross Clock Analysis               : NO
Hierarchy Separator                : /
Bus Delimiter                      : <>
Case Specifier                     : Maintain
Slice Utilization Ratio            : 100
BRAM Utilization Ratio             : 100
DSP48 Utilization Ratio            : 100
Auto BRAM Packing                  : NO
Slice Utilization Ratio Delta      : 5

=========================================================================


=========================================================================
*                          HDL Parsing                                  *
=========================================================================
Parsing VHDL file "C:\Users\ASUS\Desktop\fpga-hw1\hw1\Detector.vhd" into library work
Parsing entity <Detector>.
Parsing architecture <Behavioral> of entity <detector>.

=========================================================================
*                            HDL Elaboration                            *
=========================================================================

Elaborating entity <Detector> (architecture <Behavioral>) from library <work>.

=========================================================================
*                           HDL Synthesis                               *
=========================================================================

Synthesizing Unit <Detector>.
    Related source file is "C:\Users\ASUS\Desktop\fpga-hw1\hw1\Detector.vhd".
    Found 3-bit register for signal <pr_s>.
WARNING:Xst:737 - Found 1-bit latch for signal <nx_s<2>>. Latches may be generated from incomplete case or if statements. We do not recommend the use of latches in FPGA/CPLD designs, as they may lead to timing problems.
WARNING:Xst:737 - Found 1-bit latch for signal <nx_s<1>>. Latches may be generated from incomplete case or if statements. We do not recommend the use of latches in FPGA/CPLD designs, as they may lead to timing problems.
WARNING:Xst:737 - Found 1-bit latch for signal <nx_s<0>>. Latches may be generated from incomplete case or if statements. We do not recommend the use of latches in FPGA/CPLD designs, as they may lead to timing problems.
WARNING:Xst:737 - Found 1-bit latch for signal <out_put1>. Latches may be generated from incomplete case or if statements. We do not recommend the use of latches in FPGA/CPLD designs, as they may lead to timing problems.
WARNING:Xst:737 - Found 1-bit latch for signal <out_put2>. Latches may be generated from incomplete case or if statements. We do not recommend the use of latches in FPGA/CPLD designs, as they may lead to timing problems.
    Summary:
	inferred   3 D-type flip-flop(s).
	inferred   5 Latch(s).
	inferred   7 Multiplexer(s).
Unit <Detector> synthesized.

=========================================================================
HDL Synthesis Report

Macro Statistics
# Registers                                            : 1
 3-bit register                                        : 1
# Latches                                              : 5
 1-bit latch                                           : 5
# Multiplexers                                         : 7
 1-bit 2-to-1 multiplexer                              : 7

=========================================================================

=========================================================================
*                       Advanced HDL Synthesis                          *
=========================================================================


=========================================================================
Advanced HDL Synthesis Report

Macro Statistics
# Registers                                            : 3
 Flip-Flops                                            : 3
# Multiplexers                                         : 7
 1-bit 2-to-1 multiplexer                              : 7

=========================================================================

=========================================================================
*                         Low Level Synthesis                           *
=========================================================================
WARNING:Xst:3001 - This design contains one or more registers or latches with an active
   asynchronous set and asynchronous reset. While this circuit can be built,
   it creates a sub-optimal implementation in terms of area, power and
   performance. For a more optimal implementation Xilinx highly recommends
   one of the following:

          1) Remove either the set or reset from all registers and latches if
             not needed for required functionality
          2) Modify the code in order to produce a synchronous set
             and/or reset (both is preferred)
          3) Use the -async_to_sync option to transform the asynchronous
             set/reset to synchronous operation
             (timing simulation highly recommended when using this option)

  Please refer to http://www.xilinx.com search string "Virtex6 asynchronous set/reset" for more details.

  List of register instances with asynchronous set and reset:
    out_put1 in unit <Detector>
    out_put2 in unit <Detector>


Optimizing unit <Detector> ...

Mapping all equations...
Building and optimizing final netlist ...
Found area constraint ratio of 100 (+ 5) on block Detector, actual ratio is 0.

Final Macro Processing ...

=========================================================================
Final Register Report

Macro Statistics
# Registers                                            : 3
 Flip-Flops                                            : 3

=========================================================================

=========================================================================
*                           Partition Report                            *
=========================================================================

Partition Implementation Status
-------------------------------

  No Partitions were found in this design.

-------------------------------

=========================================================================
*                            Design Summary                             *
=========================================================================

Top Level Output File Name         : Detector.ngc

Primitive and Black Box Usage:
------------------------------
# BELS                             : 13
#      GND                         : 1
#      INV                         : 1
#      LUT3                        : 8
#      LUT4                        : 3
# FlipFlops/Latches                : 8
#      FDC                         : 3
#      LD                          : 5
# Clock Buffers                    : 1
#      BUFGP                       : 1
# IO Buffers                       : 4
#      IBUF                        : 2
#      OBUF                        : 2

Device utilization summary:
---------------------------

Selected Device : 6vcx75tff484-2 


Slice Logic Utilization: 
 Number of Slice Registers:               6  out of  93120     0%  
 Number of Slice LUTs:                   12  out of  46560     0%  
    Number used as Logic:                12  out of  46560     0%  

Slice Logic Distribution: 
 Number of LUT Flip Flop pairs used:     14
   Number with an unused Flip Flop:       8  out of     14    57%  
   Number with an unused LUT:             2  out of     14    14%  
   Number of fully used LUT-FF pairs:     4  out of     14    28%  
   Number of unique control sets:         4

IO Utilization: 
 Number of IOs:                           5
 Number of bonded IOBs:                   5  out of    240     2%  
    IOB Flip Flops/Latches:               2

Specific Feature Utilization:
 Number of BUFG/BUFGCTRLs:                1  out of     32     3%  

---------------------------
Partition Resource Summary:
---------------------------

  No Partitions were found in this design.

---------------------------


=========================================================================
Timing Report

NOTE: THESE TIMING NUMBERS ARE ONLY A SYNTHESIS ESTIMATE.
      FOR ACCURATE TIMING INFORMATION PLEASE REFER TO THE TRACE REPORT
      GENERATED AFTER PLACE-and-ROUTE.

Clock Information:
------------------
--------------------------------------------------+------------------------+-------+
Clock Signal                                      | Clock buffer(FF name)  | Load  |
--------------------------------------------------+------------------------+-------+
GND_3_o_GND_3_o_OR_6_o(GND_3_o_GND_3_o_OR_6_o11:O)| NONE(*)(nx_s_2)        | 3     |
clk                                               | BUFGP                  | 3     |
out_put2_G(out_put2_G:O)                          | NONE(*)(out_put2)      | 1     |
out_put1_G(out_put1_G:O)                          | NONE(*)(out_put1)      | 1     |
--------------------------------------------------+------------------------+-------+
(*) These 3 clock signal(s) are generated by combinatorial logic,
and XST is not able to identify which are the primary clock signals.
Please use the CLOCK_SIGNAL constraint to specify the clock signal(s) generated by combinatorial logic.
INFO:Xst:2169 - HDL ADVISOR - Some clock signals were not automatically buffered by XST with BUFG/BUFR resources. Please use the buffer_type constraint in order to insert these buffers to the clock signals to help prevent skew problems.

Asynchronous Control Signals Information:
----------------------------------------
No asynchronous control signals found in this design

Timing Summary:
---------------
Speed Grade: -2

   Minimum period: No path found
   Minimum input arrival time before clock: 0.719ns
   Maximum output required time after clock: 0.665ns
   Maximum combinational path delay: No path found

Timing Details:
---------------
All values displayed in nanoseconds (ns)

=========================================================================
Timing constraint: Default OFFSET IN BEFORE for Clock 'GND_3_o_GND_3_o_OR_6_o'
  Total number of paths / destination ports: 3 / 3
-------------------------------------------------------------------------
Offset:              0.642ns (Levels of Logic = 2)
  Source:            i_in (PAD)
  Destination:       nx_s_2 (LATCH)
  Destination Clock: GND_3_o_GND_3_o_OR_6_o falling

  Data Path: i_in to nx_s_2
                                Gate     Net
    Cell:in->out      fanout   Delay   Delay  Logical Name (Net Name)
    ----------------------------------------  ------------
     IBUF:I->O             3   0.003   0.578  i_in_IBUF (i_in_IBUF)
     LUT4:I0->O            1   0.061   0.000  Mmux_nx_s[2]_GND_3_o_MUX_31_o11 (nx_s[2]_GND_3_o_MUX_31_o)
     LD:D                     -0.044          nx_s_1
    ----------------------------------------
    Total                      0.642ns (0.064ns logic, 0.578ns route)
                                       (10.0% logic, 90.0% route)

=========================================================================
Timing constraint: Default OFFSET IN BEFORE for Clock 'clk'
  Total number of paths / destination ports: 3 / 3
-------------------------------------------------------------------------
Offset:              0.719ns (Levels of Logic = 1)
  Source:            rst (PAD)
  Destination:       pr_s_0 (FF)
  Destination Clock: clk rising

  Data Path: rst to pr_s_0
                                Gate     Net
    Cell:in->out      fanout   Delay   Delay  Logical Name (Net Name)
    ----------------------------------------  ------------
     IBUF:I->O             3   0.003   0.351  rst_IBUF (rst_IBUF)
     FDC:CLR                   0.365          pr_s_0
    ----------------------------------------
    Total                      0.719ns (0.368ns logic, 0.351ns route)
                                       (51.2% logic, 48.8% route)

=========================================================================
Timing constraint: Default OFFSET OUT AFTER for Clock 'out_put1_G'
  Total number of paths / destination ports: 1 / 1
-------------------------------------------------------------------------
Offset:              0.665ns (Levels of Logic = 1)
  Source:            out_put1 (LATCH)
  Destination:       out_put1 (PAD)
  Source Clock:      out_put1_G falling

  Data Path: out_put1 to out_put1
                                Gate     Net
    Cell:in->out      fanout   Delay   Delay  Logical Name (Net Name)
    ----------------------------------------  ------------
     LD:G->Q               1   0.323   0.339  out_put1 (out_put1_OBUF)
     OBUF:I->O                 0.003          out_put1_OBUF (out_put1)
    ----------------------------------------
    Total                      0.665ns (0.326ns logic, 0.339ns route)
                                       (49.0% logic, 51.0% route)

=========================================================================
Timing constraint: Default OFFSET OUT AFTER for Clock 'out_put2_G'
  Total number of paths / destination ports: 1 / 1
-------------------------------------------------------------------------
Offset:              0.665ns (Levels of Logic = 1)
  Source:            out_put2 (LATCH)
  Destination:       out_put2 (PAD)
  Source Clock:      out_put2_G falling

  Data Path: out_put2 to out_put2
                                Gate     Net
    Cell:in->out      fanout   Delay   Delay  Logical Name (Net Name)
    ----------------------------------------  ------------
     LD:G->Q               1   0.323   0.339  out_put2 (out_put2_OBUF)
     OBUF:I->O                 0.003          out_put2_OBUF (out_put2)
    ----------------------------------------
    Total                      0.665ns (0.326ns logic, 0.339ns route)
                                       (49.0% logic, 51.0% route)

=========================================================================

Cross Clock Domains Report:
--------------------------

Clock to Setup on destination clock GND_3_o_GND_3_o_OR_6_o
---------------+---------+---------+---------+---------+
               | Src:Rise| Src:Fall| Src:Rise| Src:Fall|
Source Clock   |Dest:Rise|Dest:Rise|Dest:Fall|Dest:Fall|
---------------+---------+---------+---------+---------+
clk            |         |         |    0.924|         |
---------------+---------+---------+---------+---------+

Clock to Setup on destination clock clk
----------------------+---------+---------+---------+---------+
                      | Src:Rise| Src:Fall| Src:Rise| Src:Fall|
Source Clock          |Dest:Rise|Dest:Rise|Dest:Fall|Dest:Fall|
----------------------+---------+---------+---------+---------+
GND_3_o_GND_3_o_OR_6_o|         |    0.662|         |         |
----------------------+---------+---------+---------+---------+

Clock to Setup on destination clock out_put1_G
---------------+---------+---------+---------+---------+
               | Src:Rise| Src:Fall| Src:Rise| Src:Fall|
Source Clock   |Dest:Rise|Dest:Rise|Dest:Fall|Dest:Fall|
---------------+---------+---------+---------+---------+
clk            |         |         |    1.502|         |
---------------+---------+---------+---------+---------+

Clock to Setup on destination clock out_put2_G
---------------+---------+---------+---------+---------+
               | Src:Rise| Src:Fall| Src:Rise| Src:Fall|
Source Clock   |Dest:Rise|Dest:Rise|Dest:Fall|Dest:Fall|
---------------+---------+---------+---------+---------+
clk            |         |         |    1.422|         |
---------------+---------+---------+---------+---------+

=========================================================================


Total REAL time to Xst completion: 5.00 secs
Total CPU time to Xst completion: 5.43 secs
 
--> 

Total memory usage is 4519668 kilobytes

Number of errors   :    0 (   0 filtered)
Number of warnings :    6 (   0 filtered)
Number of infos    :    1 (   0 filtered)

