Running: C:\Xilinx\14.7\ISE_DS\ISE\bin\nt64\unwrapped\fuse.exe -intstyle ise -incremental -o C:/Users/ASUS/Desktop/FPGA - HW4/sevenSegment/Seven_Segment_Binary_TB_isim_beh.exe -prj C:/Users/ASUS/Desktop/FPGA - HW4/sevenSegment/Seven_Segment_Binary_TB_beh.prj work.Seven_Segment_Binary_TB 
ISim P.20131013 (signature 0x7708f090)
Number of CPUs detected in this system: 12
Turning on mult-threading, number of parallel sub-compilation jobs: 24 
Determining compilation order of HDL files
Parsing VHDL file "C:/Users/ASUS/Desktop/FPGA - HW4/sevenSegment/Seven_Segment_Binary.vhd" into library work
Parsing VHDL file "C:/Users/ASUS/Desktop/FPGA - HW4/sevenSegment/Seven_Segment_Binary_TB.vhd" into library work
Starting static elaboration
Completed static elaboration
Compiling package standard
Compiling package std_logic_1164
Compiling architecture behavioral of entity Seven_Segment_Binary [seven_segment_binary_default]
Compiling architecture behavior of entity seven_segment_binary_tb
Time Resolution for simulation is 1ps.
Waiting for 1 sub-compilation(s) to finish...
WARNING:Simulator - Unable to copy libPortabilityNOSH.dll to the simulation executable directory: boost::filesystem::copy_file: The system cannot find the path specified, "isim\Seven_Segment_Binary_TB_isim_beh.exe.sim\libPortability.dll".
Compiled 5 VHDL Units
Built simulation executable C:/Users/ASUS/Desktop/FPGA - HW4/sevenSegment/Seven_Segment_Binary_TB_isim_beh.exe
Fuse Memory Usage: 30144 KB
Fuse CPU Usage: 296 ms
