Classic Timing Analyzer report for Az1
Fri Mar 12 21:43:18 2021
Quartus II Version 9.1 Build 222 10/21/2009 SJ Web Edition


---------------------
; Table of Contents ;
---------------------
  1. Legal Notice
  2. Timing Analyzer Summary
  3. Timing Analyzer Settings
  4. Parallel Compilation
  5. tpd
  6. Timing Analyzer Messages



----------------
; Legal Notice ;
----------------
Copyright (C) 1991-2009 Altera Corporation
Your use of Altera Corporation's design tools, logic functions 
and other software and tools, and its AMPP partner logic 
functions, and any output files from any of the foregoing 
(including device programming or simulation files), and any 
associated documentation or information are expressly subject 
to the terms and conditions of the Altera Program License 
Subscription Agreement, Altera MegaCore Function License 
Agreement, or other applicable license agreement, including, 
without limitation, that your use is for the sole purpose of 
programming logic devices manufactured by Altera and sold by 
Altera or its authorized distributors.  Please refer to the 
applicable agreement for further details.



+-----------------------------------------------------------------------------------------------------------------------+
; Timing Analyzer Summary                                                                                               ;
+------------------------------+-------+---------------+-------------+------+----+------------+----------+--------------+
; Type                         ; Slack ; Required Time ; Actual Time ; From ; To ; From Clock ; To Clock ; Failed Paths ;
+------------------------------+-------+---------------+-------------+------+----+------------+----------+--------------+
; Worst-case tpd               ; N/A   ; None          ; 10.674 ns   ; W    ; A  ; --         ; --       ; 0            ;
; Total number of failed paths ;       ;               ;             ;      ;    ;            ;          ; 0            ;
+------------------------------+-------+---------------+-------------+------+----+------------+----------+--------------+


+-----------------------------------------------------------------------------------------------------------------------------------------------------+
; Timing Analyzer Settings                                                                                                                            ;
+------------------------------------------------------------------------------------------------------+--------------------+------+----+-------------+
; Option                                                                                               ; Setting            ; From ; To ; Entity Name ;
+------------------------------------------------------------------------------------------------------+--------------------+------+----+-------------+
; Device Name                                                                                          ; EP2S15F484C3       ;      ;    ;             ;
; Timing Models                                                                                        ; Final              ;      ;    ;             ;
; Default hold multicycle                                                                              ; Same as Multicycle ;      ;    ;             ;
; Cut paths between unrelated clock domains                                                            ; On                 ;      ;    ;             ;
; Cut off read during write signal paths                                                               ; On                 ;      ;    ;             ;
; Cut off feedback from I/O pins                                                                       ; On                 ;      ;    ;             ;
; Report Combined Fast/Slow Timing                                                                     ; Off                ;      ;    ;             ;
; Ignore Clock Settings                                                                                ; Off                ;      ;    ;             ;
; Analyze latches as synchronous elements                                                              ; On                 ;      ;    ;             ;
; Enable Recovery/Removal analysis                                                                     ; Off                ;      ;    ;             ;
; Enable Clock Latency                                                                                 ; Off                ;      ;    ;             ;
; Use TimeQuest Timing Analyzer                                                                        ; Off                ;      ;    ;             ;
; Number of source nodes to report per destination node                                                ; 10                 ;      ;    ;             ;
; Number of destination nodes to report                                                                ; 10                 ;      ;    ;             ;
; Number of paths to report                                                                            ; 200                ;      ;    ;             ;
; Report Minimum Timing Checks                                                                         ; Off                ;      ;    ;             ;
; Use Fast Timing Models                                                                               ; Off                ;      ;    ;             ;
; Report IO Paths Separately                                                                           ; Off                ;      ;    ;             ;
; Perform Multicorner Analysis                                                                         ; On                 ;      ;    ;             ;
; Reports the worst-case path for each clock domain and analysis                                       ; Off                ;      ;    ;             ;
; Reports worst-case timing paths for each clock domain and analysis                                   ; Off                ;      ;    ;             ;
; Specifies the maximum number of worst-case timing paths to report for each clock domain and analysis ; 100                ;      ;    ;             ;
; Removes common clock path pessimism (CCPP) during slack computation                                  ; Off                ;      ;    ;             ;
; Output I/O Timing Endpoint                                                                           ; Near End           ;      ;    ;             ;
+------------------------------------------------------------------------------------------------------+--------------------+------+----+-------------+


Parallel compilation was disabled, but you have multiple processors available. Enable parallel compilation to reduce compilation time.
+-------------------------------------+
; Parallel Compilation                ;
+----------------------------+--------+
; Processors                 ; Number ;
+----------------------------+--------+
; Number detected on machine ; 4      ;
; Maximum allowed            ; 1      ;
+----------------------------+--------+


+---------------------------------------------------------+
; tpd                                                     ;
+-------+-------------------+-----------------+------+----+
; Slack ; Required P2P Time ; Actual P2P Time ; From ; To ;
+-------+-------------------+-----------------+------+----+
; N/A   ; None              ; 10.674 ns       ; W    ; A  ;
; N/A   ; None              ; 10.612 ns       ; X    ; B  ;
; N/A   ; None              ; 10.417 ns       ; W    ; F  ;
; N/A   ; None              ; 10.404 ns       ; W    ; G  ;
; N/A   ; None              ; 10.369 ns       ; X    ; A  ;
; N/A   ; None              ; 10.131 ns       ; X    ; C  ;
; N/A   ; None              ; 10.095 ns       ; X    ; G  ;
; N/A   ; None              ; 10.075 ns       ; X    ; E  ;
; N/A   ; None              ; 9.979 ns        ; X    ; F  ;
; N/A   ; None              ; 9.849 ns        ; Y    ; B  ;
; N/A   ; None              ; 9.610 ns        ; Y    ; A  ;
; N/A   ; None              ; 9.367 ns        ; Y    ; C  ;
; N/A   ; None              ; 9.345 ns        ; Y    ; F  ;
; N/A   ; None              ; 9.334 ns        ; Y    ; G  ;
; N/A   ; None              ; 9.304 ns        ; Y    ; E  ;
; N/A   ; None              ; 9.112 ns        ; W    ; D  ;
; N/A   ; None              ; 8.776 ns        ; X    ; D  ;
; N/A   ; None              ; 8.016 ns        ; Y    ; D  ;
; N/A   ; None              ; 7.029 ns        ; Z    ; B  ;
; N/A   ; None              ; 6.775 ns        ; Z    ; A  ;
; N/A   ; None              ; 6.548 ns        ; Z    ; C  ;
; N/A   ; None              ; 6.518 ns        ; Z    ; F  ;
; N/A   ; None              ; 6.506 ns        ; Z    ; G  ;
; N/A   ; None              ; 6.355 ns        ; Z    ; E  ;
; N/A   ; None              ; 5.182 ns        ; Z    ; D  ;
+-------+-------------------+-----------------+------+----+


+--------------------------+
; Timing Analyzer Messages ;
+--------------------------+
Info: *******************************************************************
Info: Running Quartus II Classic Timing Analyzer
    Info: Version 9.1 Build 222 10/21/2009 SJ Web Edition
    Info: Processing started: Fri Mar 12 21:43:18 2021
Info: Command: quartus_tan --read_settings_files=off --write_settings_files=off Az1 -c Az1 --timing_analysis_only
Info: Longest tpd from source pin "W" to destination pin "A" is 10.674 ns
    Info: 1: + IC(0.000 ns) + CELL(0.837 ns) = 0.837 ns; Loc. = PIN_Y14; Fanout = 4; PIN Node = 'W'
    Info: 2: + IC(5.018 ns) + CELL(0.225 ns) = 6.080 ns; Loc. = LCCOMB_X18_Y26_N16; Fanout = 1; COMB Node = 'inst25'
    Info: 3: + IC(2.606 ns) + CELL(1.988 ns) = 10.674 ns; Loc. = PIN_W10; Fanout = 0; PIN Node = 'A'
    Info: Total cell delay = 3.050 ns ( 28.57 % )
    Info: Total interconnect delay = 7.624 ns ( 71.43 % )
Info: Quartus II Classic Timing Analyzer was successful. 0 errors, 0 warnings
    Info: Peak virtual memory: 188 megabytes
    Info: Processing ended: Fri Mar 12 21:43:18 2021
    Info: Elapsed time: 00:00:00
    Info: Total CPU time (on all processors): 00:00:00


