Classic Timing Analyzer report for twobitCounter
Fri Apr 09 22:00:36 2021
Quartus II Version 9.1 Build 222 10/21/2009 SJ Web Edition


---------------------
; Table of Contents ;
---------------------
  1. Legal Notice
  2. Timing Analyzer Summary
  3. Timing Analyzer Settings
  4. Clock Settings Summary
  5. Parallel Compilation
  6. Clock Setup: 'ck'
  7. tsu
  8. tco
  9. th
 10. Timing Analyzer Messages



----------------
; Legal Notice ;
----------------
Copyright (C) 1991-2009 Altera Corporation
Your use of Altera Corporation's design tools, logic functions 
and other software and tools, and its AMPP partner logic 
functions, and any output files from any of the foregoing 
(including device programming or simulation files), and any 
associated documentation or information are expressly subject 
to the terms and conditions of the Altera Program License 
Subscription Agreement, Altera MegaCore Function License 
Agreement, or other applicable license agreement, including, 
without limitation, that your use is for the sole purpose of 
programming logic devices manufactured by Altera and sold by 
Altera or its authorized distributors.  Please refer to the 
applicable agreement for further details.



+----------------------------------------------------------------------------------------------------------------------------------------------------------------------------------------------+
; Timing Analyzer Summary                                                                                                                                                                      ;
+------------------------------+-------+---------------+------------------------------------------------+-----------------------+-----------------------+------------+----------+--------------+
; Type                         ; Slack ; Required Time ; Actual Time                                    ; From                  ; To                    ; From Clock ; To Clock ; Failed Paths ;
+------------------------------+-------+---------------+------------------------------------------------+-----------------------+-----------------------+------------+----------+--------------+
; Worst-case tsu               ; N/A   ; None          ; 3.156 ns                                       ; u                     ; twobitCounterDFF:d1|q ; --         ; ck       ; 0            ;
; Worst-case tco               ; N/A   ; None          ; 6.324 ns                                       ; twobitCounterDFF:d0|q ; v0                    ; ck         ; --       ; 0            ;
; Worst-case th                ; N/A   ; None          ; -2.624 ns                                      ; r                     ; twobitCounterDFF:d0|q ; --         ; ck       ; 0            ;
; Clock Setup: 'ck'            ; N/A   ; None          ; Restricted to 500.00 MHz ( period = 2.000 ns ) ; twobitCounterDFF:d0|q ; twobitCounterDFF:d1|q ; ck         ; ck       ; 0            ;
; Total number of failed paths ;       ;               ;                                                ;                       ;                       ;            ;          ; 0            ;
+------------------------------+-------+---------------+------------------------------------------------+-----------------------+-----------------------+------------+----------+--------------+


+-----------------------------------------------------------------------------------------------------------------------------------------------------+
; Timing Analyzer Settings                                                                                                                            ;
+------------------------------------------------------------------------------------------------------+--------------------+------+----+-------------+
; Option                                                                                               ; Setting            ; From ; To ; Entity Name ;
+------------------------------------------------------------------------------------------------------+--------------------+------+----+-------------+
; Device Name                                                                                          ; EP2S15F484C3       ;      ;    ;             ;
; Timing Models                                                                                        ; Final              ;      ;    ;             ;
; Default hold multicycle                                                                              ; Same as Multicycle ;      ;    ;             ;
; Cut paths between unrelated clock domains                                                            ; On                 ;      ;    ;             ;
; Cut off read during write signal paths                                                               ; On                 ;      ;    ;             ;
; Cut off feedback from I/O pins                                                                       ; On                 ;      ;    ;             ;
; Report Combined Fast/Slow Timing                                                                     ; Off                ;      ;    ;             ;
; Ignore Clock Settings                                                                                ; Off                ;      ;    ;             ;
; Analyze latches as synchronous elements                                                              ; On                 ;      ;    ;             ;
; Enable Recovery/Removal analysis                                                                     ; Off                ;      ;    ;             ;
; Enable Clock Latency                                                                                 ; Off                ;      ;    ;             ;
; Use TimeQuest Timing Analyzer                                                                        ; Off                ;      ;    ;             ;
; Number of source nodes to report per destination node                                                ; 10                 ;      ;    ;             ;
; Number of destination nodes to report                                                                ; 10                 ;      ;    ;             ;
; Number of paths to report                                                                            ; 200                ;      ;    ;             ;
; Report Minimum Timing Checks                                                                         ; Off                ;      ;    ;             ;
; Use Fast Timing Models                                                                               ; Off                ;      ;    ;             ;
; Report IO Paths Separately                                                                           ; Off                ;      ;    ;             ;
; Perform Multicorner Analysis                                                                         ; On                 ;      ;    ;             ;
; Reports the worst-case path for each clock domain and analysis                                       ; Off                ;      ;    ;             ;
; Reports worst-case timing paths for each clock domain and analysis                                   ; Off                ;      ;    ;             ;
; Specifies the maximum number of worst-case timing paths to report for each clock domain and analysis ; 100                ;      ;    ;             ;
; Removes common clock path pessimism (CCPP) during slack computation                                  ; Off                ;      ;    ;             ;
; Output I/O Timing Endpoint                                                                           ; Near End           ;      ;    ;             ;
+------------------------------------------------------------------------------------------------------+--------------------+------+----+-------------+


+------------------------------------------------------------------------------------------------------------------------------------------------------------------------------------+
; Clock Settings Summary                                                                                                                                                             ;
+-----------------+--------------------+----------+------------------+---------------+--------------+----------+-----------------------+---------------------+--------+--------------+
; Clock Node Name ; Clock Setting Name ; Type     ; Fmax Requirement ; Early Latency ; Late Latency ; Based on ; Multiply Base Fmax by ; Divide Base Fmax by ; Offset ; Phase offset ;
+-----------------+--------------------+----------+------------------+---------------+--------------+----------+-----------------------+---------------------+--------+--------------+
; ck              ;                    ; User Pin ; None             ; 0.000 ns      ; 0.000 ns     ; --       ; N/A                   ; N/A                 ; N/A    ;              ;
+-----------------+--------------------+----------+------------------+---------------+--------------+----------+-----------------------+---------------------+--------+--------------+


Parallel compilation was disabled, but you have multiple processors available. Enable parallel compilation to reduce compilation time.
+-------------------------------------+
; Parallel Compilation                ;
+----------------------------+--------+
; Processors                 ; Number ;
+----------------------------+--------+
; Number detected on machine ; 6      ;
; Maximum allowed            ; 1      ;
+----------------------------+--------+


+--------------------------------------------------------------------------------------------------------------------------------------------------------------------------------------------------------------------+
; Clock Setup: 'ck'                                                                                                                                                                                                  ;
+-------+------------------------------------------------+-----------------------+-----------------------+------------+----------+-----------------------------+---------------------------+-------------------------+
; Slack ; Actual fmax (period)                           ; From                  ; To                    ; From Clock ; To Clock ; Required Setup Relationship ; Required Longest P2P Time ; Actual Longest P2P Time ;
+-------+------------------------------------------------+-----------------------+-----------------------+------------+----------+-----------------------------+---------------------------+-------------------------+
; N/A   ; Restricted to 500.00 MHz ( period = 2.000 ns ) ; twobitCounterDFF:d0|q ; twobitCounterDFF:d1|q ; ck         ; ck       ; None                        ; None                      ; 0.416 ns                ;
; N/A   ; Restricted to 500.00 MHz ( period = 2.000 ns ) ; twobitCounterDFF:d0|q ; twobitCounterDFF:d0|q ; ck         ; ck       ; None                        ; None                      ; 0.396 ns                ;
; N/A   ; Restricted to 500.00 MHz ( period = 2.000 ns ) ; twobitCounterDFF:d1|q ; twobitCounterDFF:d1|q ; ck         ; ck       ; None                        ; None                      ; 0.396 ns                ;
+-------+------------------------------------------------+-----------------------+-----------------------+------------+----------+-----------------------------+---------------------------+-------------------------+


+-----------------------------------------------------------------------------+
; tsu                                                                         ;
+-------+--------------+------------+------+-----------------------+----------+
; Slack ; Required tsu ; Actual tsu ; From ; To                    ; To Clock ;
+-------+--------------+------------+------+-----------------------+----------+
; N/A   ; None         ; 3.156 ns   ; u    ; twobitCounterDFF:d1|q ; ck       ;
; N/A   ; None         ; 2.989 ns   ; r    ; twobitCounterDFF:d1|q ; ck       ;
; N/A   ; None         ; 2.863 ns   ; r    ; twobitCounterDFF:d0|q ; ck       ;
+-------+--------------+------------+------+-----------------------+----------+


+-----------------------------------------------------------------------------+
; tco                                                                         ;
+-------+--------------+------------+-----------------------+----+------------+
; Slack ; Required tco ; Actual tco ; From                  ; To ; From Clock ;
+-------+--------------+------------+-----------------------+----+------------+
; N/A   ; None         ; 6.324 ns   ; twobitCounterDFF:d0|q ; v0 ; ck         ;
; N/A   ; None         ; 5.481 ns   ; twobitCounterDFF:d1|q ; v1 ; ck         ;
+-------+--------------+------------+-----------------------+----+------------+


+-----------------------------------------------------------------------------------+
; th                                                                                ;
+---------------+-------------+-----------+------+-----------------------+----------+
; Minimum Slack ; Required th ; Actual th ; From ; To                    ; To Clock ;
+---------------+-------------+-----------+------+-----------------------+----------+
; N/A           ; None        ; -2.624 ns ; r    ; twobitCounterDFF:d0|q ; ck       ;
; N/A           ; None        ; -2.750 ns ; r    ; twobitCounterDFF:d1|q ; ck       ;
; N/A           ; None        ; -2.917 ns ; u    ; twobitCounterDFF:d1|q ; ck       ;
+---------------+-------------+-----------+------+-----------------------+----------+


+--------------------------+
; Timing Analyzer Messages ;
+--------------------------+
Info: *******************************************************************
Info: Running Quartus II Classic Timing Analyzer
    Info: Version 9.1 Build 222 10/21/2009 SJ Web Edition
    Info: Processing started: Fri Apr 09 22:00:35 2021
Info: Command: quartus_tan --read_settings_files=off --write_settings_files=off twobitCounter -c twobitCounter --timing_analysis_only
Warning: Found pins functioning as undefined clocks and/or memory enables
    Info: Assuming node "ck" is an undefined clock
Info: Clock "ck" Internal fmax is restricted to 500.0 MHz between source register "twobitCounterDFF:d0|q" and destination register "twobitCounterDFF:d1|q"
    Info: fmax restricted to clock pin edge rate 2.0 ns. Expand message to see actual delay path.
        Info: + Longest register to register delay is 0.416 ns
            Info: 1: + IC(0.000 ns) + CELL(0.000 ns) = 0.000 ns; Loc. = LCFF_X18_Y19_N1; Fanout = 3; REG Node = 'twobitCounterDFF:d0|q'
            Info: 2: + IC(0.208 ns) + CELL(0.053 ns) = 0.261 ns; Loc. = LCCOMB_X18_Y19_N6; Fanout = 1; COMB Node = 'twobitCounterDFF:d1|q~0'
            Info: 3: + IC(0.000 ns) + CELL(0.155 ns) = 0.416 ns; Loc. = LCFF_X18_Y19_N7; Fanout = 2; REG Node = 'twobitCounterDFF:d1|q'
            Info: Total cell delay = 0.208 ns ( 50.00 % )
            Info: Total interconnect delay = 0.208 ns ( 50.00 % )
        Info: - Smallest clock skew is 0.000 ns
            Info: + Shortest clock path from clock "ck" to destination register is 2.458 ns
                Info: 1: + IC(0.000 ns) + CELL(0.854 ns) = 0.854 ns; Loc. = PIN_N20; Fanout = 1; CLK Node = 'ck'
                Info: 2: + IC(0.343 ns) + CELL(0.000 ns) = 1.197 ns; Loc. = CLKCTRL_G3; Fanout = 2; COMB Node = 'ck~clkctrl'
                Info: 3: + IC(0.643 ns) + CELL(0.618 ns) = 2.458 ns; Loc. = LCFF_X18_Y19_N7; Fanout = 2; REG Node = 'twobitCounterDFF:d1|q'
                Info: Total cell delay = 1.472 ns ( 59.89 % )
                Info: Total interconnect delay = 0.986 ns ( 40.11 % )
            Info: - Longest clock path from clock "ck" to source register is 2.458 ns
                Info: 1: + IC(0.000 ns) + CELL(0.854 ns) = 0.854 ns; Loc. = PIN_N20; Fanout = 1; CLK Node = 'ck'
                Info: 2: + IC(0.343 ns) + CELL(0.000 ns) = 1.197 ns; Loc. = CLKCTRL_G3; Fanout = 2; COMB Node = 'ck~clkctrl'
                Info: 3: + IC(0.643 ns) + CELL(0.618 ns) = 2.458 ns; Loc. = LCFF_X18_Y19_N1; Fanout = 3; REG Node = 'twobitCounterDFF:d0|q'
                Info: Total cell delay = 1.472 ns ( 59.89 % )
                Info: Total interconnect delay = 0.986 ns ( 40.11 % )
        Info: + Micro clock to output delay of source is 0.094 ns
        Info: + Micro setup delay of destination is 0.090 ns
Info: tsu for register "twobitCounterDFF:d1|q" (data pin = "u", clock pin = "ck") is 3.156 ns
    Info: + Longest pin to register delay is 5.524 ns
        Info: 1: + IC(0.000 ns) + CELL(0.809 ns) = 0.809 ns; Loc. = PIN_AA12; Fanout = 1; PIN Node = 'u'
        Info: 2: + IC(4.288 ns) + CELL(0.272 ns) = 5.369 ns; Loc. = LCCOMB_X18_Y19_N6; Fanout = 1; COMB Node = 'twobitCounterDFF:d1|q~0'
        Info: 3: + IC(0.000 ns) + CELL(0.155 ns) = 5.524 ns; Loc. = LCFF_X18_Y19_N7; Fanout = 2; REG Node = 'twobitCounterDFF:d1|q'
        Info: Total cell delay = 1.236 ns ( 22.38 % )
        Info: Total interconnect delay = 4.288 ns ( 77.62 % )
    Info: + Micro setup delay of destination is 0.090 ns
    Info: - Shortest clock path from clock "ck" to destination register is 2.458 ns
        Info: 1: + IC(0.000 ns) + CELL(0.854 ns) = 0.854 ns; Loc. = PIN_N20; Fanout = 1; CLK Node = 'ck'
        Info: 2: + IC(0.343 ns) + CELL(0.000 ns) = 1.197 ns; Loc. = CLKCTRL_G3; Fanout = 2; COMB Node = 'ck~clkctrl'
        Info: 3: + IC(0.643 ns) + CELL(0.618 ns) = 2.458 ns; Loc. = LCFF_X18_Y19_N7; Fanout = 2; REG Node = 'twobitCounterDFF:d1|q'
        Info: Total cell delay = 1.472 ns ( 59.89 % )
        Info: Total interconnect delay = 0.986 ns ( 40.11 % )
Info: tco from clock "ck" to destination pin "v0" through register "twobitCounterDFF:d0|q" is 6.324 ns
    Info: + Longest clock path from clock "ck" to source register is 2.458 ns
        Info: 1: + IC(0.000 ns) + CELL(0.854 ns) = 0.854 ns; Loc. = PIN_N20; Fanout = 1; CLK Node = 'ck'
        Info: 2: + IC(0.343 ns) + CELL(0.000 ns) = 1.197 ns; Loc. = CLKCTRL_G3; Fanout = 2; COMB Node = 'ck~clkctrl'
        Info: 3: + IC(0.643 ns) + CELL(0.618 ns) = 2.458 ns; Loc. = LCFF_X18_Y19_N1; Fanout = 3; REG Node = 'twobitCounterDFF:d0|q'
        Info: Total cell delay = 1.472 ns ( 59.89 % )
        Info: Total interconnect delay = 0.986 ns ( 40.11 % )
    Info: + Micro clock to output delay of source is 0.094 ns
    Info: + Longest register to pin delay is 3.772 ns
        Info: 1: + IC(0.000 ns) + CELL(0.000 ns) = 0.000 ns; Loc. = LCFF_X18_Y19_N1; Fanout = 3; REG Node = 'twobitCounterDFF:d0|q'
        Info: 2: + IC(1.820 ns) + CELL(1.952 ns) = 3.772 ns; Loc. = PIN_W12; Fanout = 0; PIN Node = 'v0'
        Info: Total cell delay = 1.952 ns ( 51.75 % )
        Info: Total interconnect delay = 1.820 ns ( 48.25 % )
Info: th for register "twobitCounterDFF:d0|q" (data pin = "r", clock pin = "ck") is -2.624 ns
    Info: + Longest clock path from clock "ck" to destination register is 2.458 ns
        Info: 1: + IC(0.000 ns) + CELL(0.854 ns) = 0.854 ns; Loc. = PIN_N20; Fanout = 1; CLK Node = 'ck'
        Info: 2: + IC(0.343 ns) + CELL(0.000 ns) = 1.197 ns; Loc. = CLKCTRL_G3; Fanout = 2; COMB Node = 'ck~clkctrl'
        Info: 3: + IC(0.643 ns) + CELL(0.618 ns) = 2.458 ns; Loc. = LCFF_X18_Y19_N1; Fanout = 3; REG Node = 'twobitCounterDFF:d0|q'
        Info: Total cell delay = 1.472 ns ( 59.89 % )
        Info: Total interconnect delay = 0.986 ns ( 40.11 % )
    Info: + Micro hold delay of destination is 0.149 ns
    Info: - Shortest pin to register delay is 5.231 ns
        Info: 1: + IC(0.000 ns) + CELL(0.799 ns) = 0.799 ns; Loc. = PIN_C13; Fanout = 2; PIN Node = 'r'
        Info: 2: + IC(4.005 ns) + CELL(0.272 ns) = 5.076 ns; Loc. = LCCOMB_X18_Y19_N0; Fanout = 1; COMB Node = 'twobitCounterDFF:d0|q~0'
        Info: 3: + IC(0.000 ns) + CELL(0.155 ns) = 5.231 ns; Loc. = LCFF_X18_Y19_N1; Fanout = 3; REG Node = 'twobitCounterDFF:d0|q'
        Info: Total cell delay = 1.226 ns ( 23.44 % )
        Info: Total interconnect delay = 4.005 ns ( 76.56 % )
Info: Quartus II Classic Timing Analyzer was successful. 0 errors, 1 warning
    Info: Peak virtual memory: 188 megabytes
    Info: Processing ended: Fri Apr 09 22:00:36 2021
    Info: Elapsed time: 00:00:01
    Info: Total CPU time (on all processors): 00:00:00


