Running: C:\Xilinx\14.7\ISE_DS\ISE\bin\nt64\unwrapped\fuse.exe -intstyle ise -incremental -lib secureip -o C:/Users/ASUS/Desktop/ROM/ROM/test_isim_beh.exe -prj C:/Users/ASUS/Desktop/ROM/ROM/test_beh.prj work.test 
ISim P.20131013 (signature 0x7708f090)
Number of CPUs detected in this system: 12
Turning on mult-threading, number of parallel sub-compilation jobs: 24 
Determining compilation order of HDL files
Parsing VHDL file "C:/Users/ASUS/Desktop/ROM/ROM/ROM.vhd" into library work
Parsing VHDL file "C:/Users/ASUS/Desktop/ROM/ROM/test.vhd" into library work
Starting static elaboration
Completed static elaboration
Compiling package standard
Compiling package std_logic_1164
Compiling package numeric_std
Compiling architecture behavioral of entity ROM [rom_default]
Compiling architecture behavior of entity test
Time Resolution for simulation is 1ps.
Waiting for 1 sub-compilation(s) to finish...
Compiled 6 VHDL Units
Built simulation executable C:/Users/ASUS/Desktop/ROM/ROM/test_isim_beh.exe
Fuse Memory Usage: 36052 KB
Fuse CPU Usage: 483 ms
