Running: C:\Xilinx\14.7\ISE_DS\ISE\bin\nt64\unwrapped\fuse.exe -intstyle ise -incremental -o C:/Users/ASUS/Desktop/v2/v2/testbench_multiplier_isim_beh.exe -prj C:/Users/ASUS/Desktop/v2/v2/testbench_multiplier_beh.prj work.testbench_multiplier 
ISim P.20131013 (signature 0x7708f090)
Number of CPUs detected in this system: 12
Turning on mult-threading, number of parallel sub-compilation jobs: 24 
Determining compilation order of HDL files
Parsing VHDL file "C:/Users/ASUS/Desktop/v2/v2/multiplier.vhd" into library work
Parsing VHDL file "C:/Users/ASUS/Desktop/v2/v2/tb.vhd" into library work
Starting static elaboration
Completed static elaboration
Compiling package standard
Compiling package std_logic_1164
Compiling package numeric_std
Compiling architecture behavioral of entity multiplier [multiplier_default]
Compiling architecture behavioral of entity testbench_multiplier
Time Resolution for simulation is 1ps.
WARNING:Simulator - Unable to copy libPortabilityNOSH.dll to the simulation executable directory: boost::filesystem::copy_file: The system cannot find the path specified, "isim\testbench_multiplier_isim_beh.exe.sim\libPortability.dll".
Compiled 6 VHDL Units
Built simulation executable C:/Users/ASUS/Desktop/v2/v2/testbench_multiplier_isim_beh.exe
Fuse Memory Usage: 36140 KB
Fuse CPU Usage: 468 ms
