Classic Timing Analyzer report for stateDiagram
Sat Apr 17 17:52:09 2021
Quartus II Version 9.1 Build 222 10/21/2009 SJ Web Edition


---------------------
; Table of Contents ;
---------------------
  1. Legal Notice
  2. Timing Analyzer Summary
  3. Timing Analyzer Settings
  4. Clock Settings Summary
  5. Parallel Compilation
  6. Clock Setup: 'clk'
  7. tsu
  8. tco
  9. tpd
 10. th
 11. Timing Analyzer Messages



----------------
; Legal Notice ;
----------------
Copyright (C) 1991-2009 Altera Corporation
Your use of Altera Corporation's design tools, logic functions 
and other software and tools, and its AMPP partner logic 
functions, and any output files from any of the foregoing 
(including device programming or simulation files), and any 
associated documentation or information are expressly subject 
to the terms and conditions of the Altera Program License 
Subscription Agreement, Altera MegaCore Function License 
Agreement, or other applicable license agreement, including, 
without limitation, that your use is for the sole purpose of 
programming logic devices manufactured by Altera and sold by 
Altera or its authorized distributors.  Please refer to the 
applicable agreement for further details.



+--------------------------------------------------------------------------------------------------------------------------------------------------------------+
; Timing Analyzer Summary                                                                                                                                      ;
+------------------------------+-------+---------------+------------------------------------------------+-------+-------+------------+----------+--------------+
; Type                         ; Slack ; Required Time ; Actual Time                                    ; From  ; To    ; From Clock ; To Clock ; Failed Paths ;
+------------------------------+-------+---------------+------------------------------------------------+-------+-------+------------+----------+--------------+
; Worst-case tsu               ; N/A   ; None          ; 2.839 ns                                       ; X     ; inst  ; --         ; clk      ; 0            ;
; Worst-case tco               ; N/A   ; None          ; 6.254 ns                                       ; inst1 ; W     ; clk        ; --       ; 0            ;
; Worst-case tpd               ; N/A   ; None          ; 8.146 ns                                       ; X     ; W     ; --         ; --       ; 0            ;
; Worst-case th                ; N/A   ; None          ; -2.490 ns                                      ; X     ; inst1 ; --         ; clk      ; 0            ;
; Clock Setup: 'clk'           ; N/A   ; None          ; Restricted to 500.00 MHz ( period = 2.000 ns ) ; inst  ; inst  ; clk        ; clk      ; 0            ;
; Total number of failed paths ;       ;               ;                                                ;       ;       ;            ;          ; 0            ;
+------------------------------+-------+---------------+------------------------------------------------+-------+-------+------------+----------+--------------+


+-----------------------------------------------------------------------------------------------------------------------------------------------------+
; Timing Analyzer Settings                                                                                                                            ;
+------------------------------------------------------------------------------------------------------+--------------------+------+----+-------------+
; Option                                                                                               ; Setting            ; From ; To ; Entity Name ;
+------------------------------------------------------------------------------------------------------+--------------------+------+----+-------------+
; Device Name                                                                                          ; EP2S15F484C3       ;      ;    ;             ;
; Timing Models                                                                                        ; Final              ;      ;    ;             ;
; Default hold multicycle                                                                              ; Same as Multicycle ;      ;    ;             ;
; Cut paths between unrelated clock domains                                                            ; On                 ;      ;    ;             ;
; Cut off read during write signal paths                                                               ; On                 ;      ;    ;             ;
; Cut off feedback from I/O pins                                                                       ; On                 ;      ;    ;             ;
; Report Combined Fast/Slow Timing                                                                     ; Off                ;      ;    ;             ;
; Ignore Clock Settings                                                                                ; Off                ;      ;    ;             ;
; Analyze latches as synchronous elements                                                              ; On                 ;      ;    ;             ;
; Enable Recovery/Removal analysis                                                                     ; Off                ;      ;    ;             ;
; Enable Clock Latency                                                                                 ; Off                ;      ;    ;             ;
; Use TimeQuest Timing Analyzer                                                                        ; Off                ;      ;    ;             ;
; Number of source nodes to report per destination node                                                ; 10                 ;      ;    ;             ;
; Number of destination nodes to report                                                                ; 10                 ;      ;    ;             ;
; Number of paths to report                                                                            ; 200                ;      ;    ;             ;
; Report Minimum Timing Checks                                                                         ; Off                ;      ;    ;             ;
; Use Fast Timing Models                                                                               ; Off                ;      ;    ;             ;
; Report IO Paths Separately                                                                           ; Off                ;      ;    ;             ;
; Perform Multicorner Analysis                                                                         ; On                 ;      ;    ;             ;
; Reports the worst-case path for each clock domain and analysis                                       ; Off                ;      ;    ;             ;
; Reports worst-case timing paths for each clock domain and analysis                                   ; Off                ;      ;    ;             ;
; Specifies the maximum number of worst-case timing paths to report for each clock domain and analysis ; 100                ;      ;    ;             ;
; Removes common clock path pessimism (CCPP) during slack computation                                  ; Off                ;      ;    ;             ;
; Output I/O Timing Endpoint                                                                           ; Near End           ;      ;    ;             ;
+------------------------------------------------------------------------------------------------------+--------------------+------+----+-------------+


+------------------------------------------------------------------------------------------------------------------------------------------------------------------------------------+
; Clock Settings Summary                                                                                                                                                             ;
+-----------------+--------------------+----------+------------------+---------------+--------------+----------+-----------------------+---------------------+--------+--------------+
; Clock Node Name ; Clock Setting Name ; Type     ; Fmax Requirement ; Early Latency ; Late Latency ; Based on ; Multiply Base Fmax by ; Divide Base Fmax by ; Offset ; Phase offset ;
+-----------------+--------------------+----------+------------------+---------------+--------------+----------+-----------------------+---------------------+--------+--------------+
; clk             ;                    ; User Pin ; None             ; 0.000 ns      ; 0.000 ns     ; --       ; N/A                   ; N/A                 ; N/A    ;              ;
+-----------------+--------------------+----------+------------------+---------------+--------------+----------+-----------------------+---------------------+--------+--------------+


Parallel compilation was disabled, but you have multiple processors available. Enable parallel compilation to reduce compilation time.
+-------------------------------------+
; Parallel Compilation                ;
+----------------------------+--------+
; Processors                 ; Number ;
+----------------------------+--------+
; Number detected on machine ; 4      ;
; Maximum allowed            ; 1      ;
+----------------------------+--------+


+------------------------------------------------------------------------------------------------------------------------------------------------------------------------------------+
; Clock Setup: 'clk'                                                                                                                                                                 ;
+-------+------------------------------------------------+-------+-------+------------+----------+-----------------------------+---------------------------+-------------------------+
; Slack ; Actual fmax (period)                           ; From  ; To    ; From Clock ; To Clock ; Required Setup Relationship ; Required Longest P2P Time ; Actual Longest P2P Time ;
+-------+------------------------------------------------+-------+-------+------------+----------+-----------------------------+---------------------------+-------------------------+
; N/A   ; Restricted to 500.00 MHz ( period = 2.000 ns ) ; inst  ; inst  ; clk        ; clk      ; None                        ; None                      ; 0.488 ns                ;
; N/A   ; Restricted to 500.00 MHz ( period = 2.000 ns ) ; inst1 ; inst  ; clk        ; clk      ; None                        ; None                      ; 0.425 ns                ;
; N/A   ; Restricted to 500.00 MHz ( period = 2.000 ns ) ; inst  ; inst1 ; clk        ; clk      ; None                        ; None                      ; 0.420 ns                ;
+-------+------------------------------------------------+-------+-------+------------+----------+-----------------------------+---------------------------+-------------------------+


+-------------------------------------------------------------+
; tsu                                                         ;
+-------+--------------+------------+------+-------+----------+
; Slack ; Required tsu ; Actual tsu ; From ; To    ; To Clock ;
+-------+--------------+------------+------+-------+----------+
; N/A   ; None         ; 2.839 ns   ; X    ; inst  ; clk      ;
; N/A   ; None         ; 2.729 ns   ; X    ; inst1 ; clk      ;
+-------+--------------+------------+------+-------+----------+


+-------------------------------------------------------------+
; tco                                                         ;
+-------+--------------+------------+-------+----+------------+
; Slack ; Required tco ; Actual tco ; From  ; To ; From Clock ;
+-------+--------------+------------+-------+----+------------+
; N/A   ; None         ; 6.254 ns   ; inst1 ; W  ; clk        ;
; N/A   ; None         ; 5.903 ns   ; inst  ; W  ; clk        ;
+-------+--------------+------------+-------+----+------------+


+---------------------------------------------------------+
; tpd                                                     ;
+-------+-------------------+-----------------+------+----+
; Slack ; Required P2P Time ; Actual P2P Time ; From ; To ;
+-------+-------------------+-----------------+------+----+
; N/A   ; None              ; 8.146 ns        ; X    ; W  ;
+-------+-------------------+-----------------+------+----+


+-------------------------------------------------------------------+
; th                                                                ;
+---------------+-------------+-----------+------+-------+----------+
; Minimum Slack ; Required th ; Actual th ; From ; To    ; To Clock ;
+---------------+-------------+-----------+------+-------+----------+
; N/A           ; None        ; -2.490 ns ; X    ; inst1 ; clk      ;
; N/A           ; None        ; -2.600 ns ; X    ; inst  ; clk      ;
+---------------+-------------+-----------+------+-------+----------+


+--------------------------+
; Timing Analyzer Messages ;
+--------------------------+
Info: *******************************************************************
Info: Running Quartus II Classic Timing Analyzer
    Info: Version 9.1 Build 222 10/21/2009 SJ Web Edition
    Info: Processing started: Sat Apr 17 17:52:08 2021
Info: Command: quartus_tan --read_settings_files=off --write_settings_files=off stateDiagram -c stateDiagram --timing_analysis_only
Warning: Found pins functioning as undefined clocks and/or memory enables
    Info: Assuming node "clk" is an undefined clock
Info: Clock "clk" Internal fmax is restricted to 500.0 MHz between source register "inst" and destination register "inst"
    Info: fmax restricted to clock pin edge rate 2.0 ns. Expand message to see actual delay path.
        Info: + Longest register to register delay is 0.488 ns
            Info: 1: + IC(0.000 ns) + CELL(0.000 ns) = 0.000 ns; Loc. = LCFF_X35_Y18_N21; Fanout = 3; REG Node = 'inst'
            Info: 2: + IC(0.000 ns) + CELL(0.333 ns) = 0.333 ns; Loc. = LCCOMB_X35_Y18_N20; Fanout = 1; COMB Node = 'inst11~0'
            Info: 3: + IC(0.000 ns) + CELL(0.155 ns) = 0.488 ns; Loc. = LCFF_X35_Y18_N21; Fanout = 3; REG Node = 'inst'
            Info: Total cell delay = 0.488 ns ( 100.00 % )
        Info: - Smallest clock skew is 0.000 ns
            Info: + Shortest clock path from clock "clk" to destination register is 2.477 ns
                Info: 1: + IC(0.000 ns) + CELL(0.854 ns) = 0.854 ns; Loc. = PIN_N20; Fanout = 1; CLK Node = 'clk'
                Info: 2: + IC(0.343 ns) + CELL(0.000 ns) = 1.197 ns; Loc. = CLKCTRL_G3; Fanout = 2; COMB Node = 'clk~clkctrl'
                Info: 3: + IC(0.662 ns) + CELL(0.618 ns) = 2.477 ns; Loc. = LCFF_X35_Y18_N21; Fanout = 3; REG Node = 'inst'
                Info: Total cell delay = 1.472 ns ( 59.43 % )
                Info: Total interconnect delay = 1.005 ns ( 40.57 % )
            Info: - Longest clock path from clock "clk" to source register is 2.477 ns
                Info: 1: + IC(0.000 ns) + CELL(0.854 ns) = 0.854 ns; Loc. = PIN_N20; Fanout = 1; CLK Node = 'clk'
                Info: 2: + IC(0.343 ns) + CELL(0.000 ns) = 1.197 ns; Loc. = CLKCTRL_G3; Fanout = 2; COMB Node = 'clk~clkctrl'
                Info: 3: + IC(0.662 ns) + CELL(0.618 ns) = 2.477 ns; Loc. = LCFF_X35_Y18_N21; Fanout = 3; REG Node = 'inst'
                Info: Total cell delay = 1.472 ns ( 59.43 % )
                Info: Total interconnect delay = 1.005 ns ( 40.57 % )
        Info: + Micro clock to output delay of source is 0.094 ns
        Info: + Micro setup delay of destination is 0.090 ns
Info: tsu for register "inst" (data pin = "X", clock pin = "clk") is 2.839 ns
    Info: + Longest pin to register delay is 5.226 ns
        Info: 1: + IC(0.000 ns) + CELL(0.780 ns) = 0.780 ns; Loc. = PIN_L7; Fanout = 3; PIN Node = 'X'
        Info: 2: + IC(3.925 ns) + CELL(0.366 ns) = 5.071 ns; Loc. = LCCOMB_X35_Y18_N20; Fanout = 1; COMB Node = 'inst11~0'
        Info: 3: + IC(0.000 ns) + CELL(0.155 ns) = 5.226 ns; Loc. = LCFF_X35_Y18_N21; Fanout = 3; REG Node = 'inst'
        Info: Total cell delay = 1.301 ns ( 24.89 % )
        Info: Total interconnect delay = 3.925 ns ( 75.11 % )
    Info: + Micro setup delay of destination is 0.090 ns
    Info: - Shortest clock path from clock "clk" to destination register is 2.477 ns
        Info: 1: + IC(0.000 ns) + CELL(0.854 ns) = 0.854 ns; Loc. = PIN_N20; Fanout = 1; CLK Node = 'clk'
        Info: 2: + IC(0.343 ns) + CELL(0.000 ns) = 1.197 ns; Loc. = CLKCTRL_G3; Fanout = 2; COMB Node = 'clk~clkctrl'
        Info: 3: + IC(0.662 ns) + CELL(0.618 ns) = 2.477 ns; Loc. = LCFF_X35_Y18_N21; Fanout = 3; REG Node = 'inst'
        Info: Total cell delay = 1.472 ns ( 59.43 % )
        Info: Total interconnect delay = 1.005 ns ( 40.57 % )
Info: tco from clock "clk" to destination pin "W" through register "inst1" is 6.254 ns
    Info: + Longest clock path from clock "clk" to source register is 2.477 ns
        Info: 1: + IC(0.000 ns) + CELL(0.854 ns) = 0.854 ns; Loc. = PIN_N20; Fanout = 1; CLK Node = 'clk'
        Info: 2: + IC(0.343 ns) + CELL(0.000 ns) = 1.197 ns; Loc. = CLKCTRL_G3; Fanout = 2; COMB Node = 'clk~clkctrl'
        Info: 3: + IC(0.662 ns) + CELL(0.618 ns) = 2.477 ns; Loc. = LCFF_X35_Y18_N1; Fanout = 2; REG Node = 'inst1'
        Info: Total cell delay = 1.472 ns ( 59.43 % )
        Info: Total interconnect delay = 1.005 ns ( 40.57 % )
    Info: + Micro clock to output delay of source is 0.094 ns
    Info: + Longest register to pin delay is 3.683 ns
        Info: 1: + IC(0.000 ns) + CELL(0.000 ns) = 0.000 ns; Loc. = LCFF_X35_Y18_N1; Fanout = 2; REG Node = 'inst1'
        Info: 2: + IC(0.262 ns) + CELL(0.346 ns) = 0.608 ns; Loc. = LCCOMB_X35_Y18_N22; Fanout = 1; COMB Node = 'inst10~0'
        Info: 3: + IC(1.113 ns) + CELL(1.962 ns) = 3.683 ns; Loc. = PIN_D6; Fanout = 0; PIN Node = 'W'
        Info: Total cell delay = 2.308 ns ( 62.67 % )
        Info: Total interconnect delay = 1.375 ns ( 37.33 % )
Info: Longest tpd from source pin "X" to destination pin "W" is 8.146 ns
    Info: 1: + IC(0.000 ns) + CELL(0.780 ns) = 0.780 ns; Loc. = PIN_L7; Fanout = 3; PIN Node = 'X'
    Info: 2: + IC(3.925 ns) + CELL(0.366 ns) = 5.071 ns; Loc. = LCCOMB_X35_Y18_N22; Fanout = 1; COMB Node = 'inst10~0'
    Info: 3: + IC(1.113 ns) + CELL(1.962 ns) = 8.146 ns; Loc. = PIN_D6; Fanout = 0; PIN Node = 'W'
    Info: Total cell delay = 3.108 ns ( 38.15 % )
    Info: Total interconnect delay = 5.038 ns ( 61.85 % )
Info: th for register "inst1" (data pin = "X", clock pin = "clk") is -2.490 ns
    Info: + Longest clock path from clock "clk" to destination register is 2.477 ns
        Info: 1: + IC(0.000 ns) + CELL(0.854 ns) = 0.854 ns; Loc. = PIN_N20; Fanout = 1; CLK Node = 'clk'
        Info: 2: + IC(0.343 ns) + CELL(0.000 ns) = 1.197 ns; Loc. = CLKCTRL_G3; Fanout = 2; COMB Node = 'clk~clkctrl'
        Info: 3: + IC(0.662 ns) + CELL(0.618 ns) = 2.477 ns; Loc. = LCFF_X35_Y18_N1; Fanout = 2; REG Node = 'inst1'
        Info: Total cell delay = 1.472 ns ( 59.43 % )
        Info: Total interconnect delay = 1.005 ns ( 40.57 % )
    Info: + Micro hold delay of destination is 0.149 ns
    Info: - Shortest pin to register delay is 5.116 ns
        Info: 1: + IC(0.000 ns) + CELL(0.780 ns) = 0.780 ns; Loc. = PIN_L7; Fanout = 3; PIN Node = 'X'
        Info: 2: + IC(3.909 ns) + CELL(0.272 ns) = 4.961 ns; Loc. = LCCOMB_X35_Y18_N0; Fanout = 1; COMB Node = 'inst7'
        Info: 3: + IC(0.000 ns) + CELL(0.155 ns) = 5.116 ns; Loc. = LCFF_X35_Y18_N1; Fanout = 2; REG Node = 'inst1'
        Info: Total cell delay = 1.207 ns ( 23.59 % )
        Info: Total interconnect delay = 3.909 ns ( 76.41 % )
Info: Quartus II Classic Timing Analyzer was successful. 0 errors, 1 warning
    Info: Peak virtual memory: 187 megabytes
    Info: Processing ended: Sat Apr 17 17:52:09 2021
    Info: Elapsed time: 00:00:01
    Info: Total CPU time (on all processors): 00:00:00


